2021-02-22 20:22:23,356 resnet18 INFO: Using 1 GPUS
2021-02-22 20:22:23,357 resnet18 INFO: Namespace(config_file='', opts=[])
2021-02-22 20:22:23,357 resnet18 INFO: Running with config:
DATALOADER:
  NUM_WORKERS: 2
DATASETS:
  DATA_NAME: SODA
  ROOT_DIR: /home/wangxiang/dat01/WWX/aiearth/data/enso_round1_train_20210201/
  X_DIM: 72
  Y_DIM: 24
  Z_DIM: 48
DEBUG: False
INPUT:
  
MODEL:
  DEVICE: cuda
  NUM_CLASSES: 2
  PRETRAINED_CMIP: /home/wangxiang/dat01/WWX/aiearth/aiearth_competition/test/usr_data/model_data/best-model.bin
  PRETRAINED_IMAGENET: 
OUTPUT_DIR: /dat01/wangxiang/WWX/aiearth/aiearth_competition/test/usr_data/model_data/soda
SEED: 66
SOLVER:
  BASE_LR: 0.001
  BIAS_LR_FACTOR: 1
  COS_CPOCH: 2
  EARLY_STOP_PATIENCE: 20
  IMS_PER_BATCH: 128
  MAX_EPOCHS: 40
  MOMENTUM: 0.9
  OPTIMIZER_NAME: Adam
  SCHEDULER_NAME: CosineAnnealingWarmRestarts
  TRAIN_CHECKPOINT: False
  T_MUL: 2
  WARMUP_EPOCHS: 10
  WEIGHT_DECAY: 0.0005
  WEIGHT_DECAY_BIAS: 0
  WEIGHT_DECAY_BN: 0
TEST:
  IMS_PER_BATCH: 128
  WEIGHT: /dat01/wangxiang/WWX/aiearth/aiearth_competition/test/usr_data/model_data/sodabest-checkpoint.bin
VERBOSE: True
Traceback (most recent call last):
  File "tools/train_net.py", line 81, in <module>
    main()
  File "tools/train_net.py", line 77, in main
    train(cfg, logger)
  File "tools/train_net.py", line 33, in train
    model = build_model(cfg)
  File "./modeling/__init__.py", line 11, in build_model
    model = SimpleResnet(cfg)
  File "./modeling/simpleresnet.py", line 22, in __init__
    self.model.load_state_dict(torch.load(cfg.MODEL.PRETRAINED_CMIP))
  File "/home/wangxiang/.conda/envs/aiearth/lib/python3.8/site-packages/torch/nn/modules/module.py", line 1051, in load_state_dict
    raise RuntimeError('Error(s) in loading state_dict for {}:\n\t{}'.format(
RuntimeError: Error(s) in loading state_dict for ResNet:
	Missing key(s) in state_dict: "conv1.weight", "bn1.weight", "bn1.bias", "bn1.running_mean", "bn1.running_var", "layer1.0.conv1.weight", "layer1.0.bn1.weight", "layer1.0.bn1.bias", "layer1.0.bn1.running_mean", "layer1.0.bn1.running_var", "layer1.0.conv2.weight", "layer1.0.bn2.weight", "layer1.0.bn2.bias", "layer1.0.bn2.running_mean", "layer1.0.bn2.running_var", "layer1.1.conv1.weight", "layer1.1.bn1.weight", "layer1.1.bn1.bias", "layer1.1.bn1.running_mean", "layer1.1.bn1.running_var", "layer1.1.conv2.weight", "layer1.1.bn2.weight", "layer1.1.bn2.bias", "layer1.1.bn2.running_mean", "layer1.1.bn2.running_var", "layer2.0.conv1.weight", "layer2.0.bn1.weight", "layer2.0.bn1.bias", "layer2.0.bn1.running_mean", "layer2.0.bn1.running_var", "layer2.0.conv2.weight", "layer2.0.bn2.weight", "layer2.0.bn2.bias", "layer2.0.bn2.running_mean", "layer2.0.bn2.running_var", "layer2.0.downsample.0.weight", "layer2.0.downsample.1.weight", "layer2.0.downsample.1.bias", "layer2.0.downsample.1.running_mean", "layer2.0.downsample.1.running_var", "layer2.1.conv1.weight", "layer2.1.bn1.weight", "layer2.1.bn1.bias", "layer2.1.bn1.running_mean", "layer2.1.bn1.running_var", "layer2.1.conv2.weight", "layer2.1.bn2.weight", "layer2.1.bn2.bias", "layer2.1.bn2.running_mean", "layer2.1.bn2.running_var", "layer3.0.conv1.weight", "layer3.0.bn1.weight", "layer3.0.bn1.bias", "layer3.0.bn1.running_mean", "layer3.0.bn1.running_var", "layer3.0.conv2.weight", "layer3.0.bn2.weight", "layer3.0.bn2.bias", "layer3.0.bn2.running_mean", "layer3.0.bn2.running_var", "layer3.0.downsample.0.weight", "layer3.0.downsample.1.weight", "layer3.0.downsample.1.bias", "layer3.0.downsample.1.running_mean", "layer3.0.downsample.1.running_var", "layer3.1.conv1.weight", "layer3.1.bn1.weight", "layer3.1.bn1.bias", "layer3.1.bn1.running_mean", "layer3.1.bn1.running_var", "layer3.1.conv2.weight", "layer3.1.bn2.weight", "layer3.1.bn2.bias", "layer3.1.bn2.running_mean", "layer3.1.bn2.running_var", "layer4.0.conv1.weight", "layer4.0.bn1.weight", "layer4.0.bn1.bias", "layer4.0.bn1.running_mean", "layer4.0.bn1.running_var", "layer4.0.conv2.weight", "layer4.0.bn2.weight", "layer4.0.bn2.bias", "layer4.0.bn2.running_mean", "layer4.0.bn2.running_var", "layer4.0.downsample.0.weight", "layer4.0.downsample.1.weight", "layer4.0.downsample.1.bias", "layer4.0.downsample.1.running_mean", "layer4.0.downsample.1.running_var", "layer4.1.conv1.weight", "layer4.1.bn1.weight", "layer4.1.bn1.bias", "layer4.1.bn1.running_mean", "layer4.1.bn1.running_var", "layer4.1.conv2.weight", "layer4.1.bn2.weight", "layer4.1.bn2.bias", "layer4.1.bn2.running_mean", "layer4.1.bn2.running_var", "fc.weight", "fc.bias". 
	Unexpected key(s) in state_dict: "model_state_dict", "best_final_score". 
